Started GET "/spots" for ::1 at 2022-11-02 18:54:33 -0400
  
ActiveRecord::PendingMigrationError (

Migrations are pending. To resolve this issue, run:

        bin/rails db:migrate RAILS_ENV=development

):
  
activerecord (5.2.8.1) lib/active_record/migration.rb:579:in `check_pending!'
activerecord (5.2.8.1) lib/active_record/migration.rb:556:in `call'
actionpack (5.2.8.1) lib/action_dispatch/middleware/callbacks.rb:28:in `block in call'
activesupport (5.2.8.1) lib/active_support/callbacks.rb:98:in `run_callbacks'
actionpack (5.2.8.1) lib/action_dispatch/middleware/callbacks.rb:26:in `call'
actionpack (5.2.8.1) lib/action_dispatch/middleware/executor.rb:14:in `call'
actionpack (5.2.8.1) lib/action_dispatch/middleware/debug_exceptions.rb:61:in `call'
web-console (3.7.0) lib/web_console/middleware.rb:135:in `call_app'
web-console (3.7.0) lib/web_console/middleware.rb:30:in `block in call'
web-console (3.7.0) lib/web_console/middleware.rb:20:in `catch'
web-console (3.7.0) lib/web_console/middleware.rb:20:in `call'
actionpack (5.2.8.1) lib/action_dispatch/middleware/show_exceptions.rb:33:in `call'
railties (5.2.8.1) lib/rails/rack/logger.rb:38:in `call_app'
railties (5.2.8.1) lib/rails/rack/logger.rb:26:in `block in call'
activesupport (5.2.8.1) lib/active_support/tagged_logging.rb:71:in `block in tagged'
activesupport (5.2.8.1) lib/active_support/tagged_logging.rb:28:in `tagged'
activesupport (5.2.8.1) lib/active_support/tagged_logging.rb:71:in `tagged'
railties (5.2.8.1) lib/rails/rack/logger.rb:26:in `call'
sprockets-rails (3.4.2) lib/sprockets/rails/quiet_assets.rb:13:in `call'
actionpack (5.2.8.1) lib/action_dispatch/middleware/remote_ip.rb:81:in `call'
actionpack (5.2.8.1) lib/action_dispatch/middleware/request_id.rb:27:in `call'
rack (2.2.4) lib/rack/method_override.rb:24:in `call'
rack (2.2.4) lib/rack/runtime.rb:22:in `call'
activesupport (5.2.8.1) lib/active_support/cache/strategy/local_cache_middleware.rb:29:in `call'
actionpack (5.2.8.1) lib/action_dispatch/middleware/executor.rb:14:in `call'
actionpack (5.2.8.1) lib/action_dispatch/middleware/static.rb:127:in `call'
rack (2.2.4) lib/rack/sendfile.rb:110:in `call'
railties (5.2.8.1) lib/rails/engine.rb:524:in `call'
puma (3.12.6) lib/puma/configuration.rb:227:in `call'
puma (3.12.6) lib/puma/server.rb:706:in `handle_request'
puma (3.12.6) lib/puma/server.rb:476:in `process_client'
puma (3.12.6) lib/puma/server.rb:334:in `block in run'
puma (3.12.6) lib/puma/thread_pool.rb:135:in `block in spawn_thread'
Started GET "/" for ::1 at 2022-11-02 18:54:36 -0400
  
ActiveRecord::PendingMigrationError (

Migrations are pending. To resolve this issue, run:

        bin/rails db:migrate RAILS_ENV=development

):
  
activerecord (5.2.8.1) lib/active_record/migration.rb:579:in `check_pending!'
activerecord (5.2.8.1) lib/active_record/migration.rb:556:in `call'
actionpack (5.2.8.1) lib/action_dispatch/middleware/callbacks.rb:28:in `block in call'
activesupport (5.2.8.1) lib/active_support/callbacks.rb:98:in `run_callbacks'
actionpack (5.2.8.1) lib/action_dispatch/middleware/callbacks.rb:26:in `call'
actionpack (5.2.8.1) lib/action_dispatch/middleware/executor.rb:14:in `call'
actionpack (5.2.8.1) lib/action_dispatch/middleware/debug_exceptions.rb:61:in `call'
web-console (3.7.0) lib/web_console/middleware.rb:135:in `call_app'
web-console (3.7.0) lib/web_console/middleware.rb:30:in `block in call'
web-console (3.7.0) lib/web_console/middleware.rb:20:in `catch'
web-console (3.7.0) lib/web_console/middleware.rb:20:in `call'
actionpack (5.2.8.1) lib/action_dispatch/middleware/show_exceptions.rb:33:in `call'
railties (5.2.8.1) lib/rails/rack/logger.rb:38:in `call_app'
railties (5.2.8.1) lib/rails/rack/logger.rb:26:in `block in call'
activesupport (5.2.8.1) lib/active_support/tagged_logging.rb:71:in `block in tagged'
activesupport (5.2.8.1) lib/active_support/tagged_logging.rb:28:in `tagged'
activesupport (5.2.8.1) lib/active_support/tagged_logging.rb:71:in `tagged'
railties (5.2.8.1) lib/rails/rack/logger.rb:26:in `call'
sprockets-rails (3.4.2) lib/sprockets/rails/quiet_assets.rb:13:in `call'
actionpack (5.2.8.1) lib/action_dispatch/middleware/remote_ip.rb:81:in `call'
actionpack (5.2.8.1) lib/action_dispatch/middleware/request_id.rb:27:in `call'
rack (2.2.4) lib/rack/method_override.rb:24:in `call'
rack (2.2.4) lib/rack/runtime.rb:22:in `call'
activesupport (5.2.8.1) lib/active_support/cache/strategy/local_cache_middleware.rb:29:in `call'
actionpack (5.2.8.1) lib/action_dispatch/middleware/executor.rb:14:in `call'
actionpack (5.2.8.1) lib/action_dispatch/middleware/static.rb:127:in `call'
rack (2.2.4) lib/rack/sendfile.rb:110:in `call'
railties (5.2.8.1) lib/rails/engine.rb:524:in `call'
puma (3.12.6) lib/puma/configuration.rb:227:in `call'
puma (3.12.6) lib/puma/server.rb:706:in `handle_request'
puma (3.12.6) lib/puma/server.rb:476:in `process_client'
puma (3.12.6) lib/puma/server.rb:334:in `block in run'
puma (3.12.6) lib/puma/thread_pool.rb:135:in `block in spawn_thread'
  [1m[35m (0.1ms)[0m  [1m[34mSELECT sqlite_version(*)[0m
  ↳ bin/rails:9
  [1m[35m (1.1ms)[0m  [1m[35mCREATE TABLE "schema_migrations" ("version" varchar NOT NULL PRIMARY KEY)[0m
  ↳ bin/rails:9
  [1m[35m (0.9ms)[0m  [1m[35mCREATE TABLE "ar_internal_metadata" ("key" varchar NOT NULL PRIMARY KEY, "value" varchar, "created_at" datetime NOT NULL, "updated_at" datetime NOT NULL)[0m
  ↳ bin/rails:9
  [1m[35m (0.1ms)[0m  [1m[34mSELECT "schema_migrations"."version" FROM "schema_migrations" ORDER BY "schema_migrations"."version" ASC[0m
  ↳ bin/rails:9
Migrating to CreateSpots (20221030191855)
  [1m[35m (0.1ms)[0m  [1m[36mbegin transaction[0m
  ↳ bin/rails:9
  [1m[35m (0.4ms)[0m  [1m[35mCREATE TABLE "spots" ("id" integer PRIMARY KEY AUTOINCREMENT NOT NULL, "time2leave" integer, "latitude" decimal, "longitude" decimal, "created_at" datetime NOT NULL, "updated_at" datetime NOT NULL)[0m
  ↳ db/migrate/20221030191855_create_spots.rb:3
  [1m[36mActiveRecord::SchemaMigration Create (0.2ms)[0m  [1m[32mINSERT INTO "schema_migrations" ("version") VALUES (?)[0m  [["version", "20221030191855"]]
  ↳ bin/rails:9
  [1m[35m (1.1ms)[0m  [1m[36mcommit transaction[0m
  ↳ bin/rails:9
Migrating to DeviseCreateUsers (20221031235746)
  [1m[35m (0.0ms)[0m  [1m[36mbegin transaction[0m
  ↳ bin/rails:9
  [1m[35m (0.3ms)[0m  [1m[35mCREATE TABLE "users" ("id" integer PRIMARY KEY AUTOINCREMENT NOT NULL, "email" varchar DEFAULT '' NOT NULL, "encrypted_password" varchar DEFAULT '' NOT NULL, "reset_password_token" varchar, "reset_password_sent_at" datetime, "remember_created_at" datetime, "created_at" datetime NOT NULL, "updated_at" datetime NOT NULL)[0m
  ↳ db/migrate/20221031235746_devise_create_users.rb:5
  [1m[35m (0.1ms)[0m  [1m[35mCREATE UNIQUE INDEX "index_users_on_email" ON "users" ("email")[0m
  ↳ db/migrate/20221031235746_devise_create_users.rb:39
  [1m[35m (0.1ms)[0m  [1m[35mCREATE UNIQUE INDEX "index_users_on_reset_password_token" ON "users" ("reset_password_token")[0m
  ↳ db/migrate/20221031235746_devise_create_users.rb:40
  [1m[36mActiveRecord::SchemaMigration Create (0.1ms)[0m  [1m[32mINSERT INTO "schema_migrations" ("version") VALUES (?)[0m  [["version", "20221031235746"]]
  ↳ bin/rails:9
  [1m[35m (1.2ms)[0m  [1m[36mcommit transaction[0m
  ↳ bin/rails:9
Migrating to CreateLists (20221031235919)
  [1m[35m (0.1ms)[0m  [1m[36mbegin transaction[0m
  ↳ bin/rails:9
  [1m[35m (0.3ms)[0m  [1m[35mCREATE TABLE "lists" ("id" integer PRIMARY KEY AUTOINCREMENT NOT NULL, "name" varchar, "idcard" varchar, "phone" varchar, "created_at" datetime NOT NULL, "updated_at" datetime NOT NULL)[0m
  ↳ db/migrate/20221031235919_create_lists.rb:3
  [1m[36mActiveRecord::SchemaMigration Create (0.1ms)[0m  [1m[32mINSERT INTO "schema_migrations" ("version") VALUES (?)[0m  [["version", "20221031235919"]]
  ↳ bin/rails:9
  [1m[35m (1.3ms)[0m  [1m[36mcommit transaction[0m
  ↳ bin/rails:9
  [1m[36mActiveRecord::InternalMetadata Load (0.1ms)[0m  [1m[34mSELECT  "ar_internal_metadata".* FROM "ar_internal_metadata" WHERE "ar_internal_metadata"."key" = ? LIMIT ?[0m  [["key", "environment"], ["LIMIT", 1]]
  ↳ bin/rails:9
  [1m[35m (0.0ms)[0m  [1m[36mbegin transaction[0m
  ↳ bin/rails:9
  [1m[36mActiveRecord::InternalMetadata Create (0.3ms)[0m  [1m[32mINSERT INTO "ar_internal_metadata" ("key", "value", "created_at", "updated_at") VALUES (?, ?, ?, ?)[0m  [["key", "environment"], ["value", "development"], ["created_at", "2022-11-02 22:55:08.417267"], ["updated_at", "2022-11-02 22:55:08.417267"]]
  ↳ bin/rails:9
  [1m[35m (0.7ms)[0m  [1m[36mcommit transaction[0m
  ↳ bin/rails:9
  [1m[35m (0.1ms)[0m  [1m[34mSELECT "schema_migrations"."version" FROM "schema_migrations" ORDER BY "schema_migrations"."version" ASC[0m
  ↳ bin/rails:9
  [1m[35m (0.2ms)[0m  [1m[34mSELECT "schema_migrations"."version" FROM "schema_migrations" ORDER BY "schema_migrations"."version" ASC[0m
  ↳ bin/rails:9
  [1m[36mActiveRecord::InternalMetadata Load (0.1ms)[0m  [1m[34mSELECT  "ar_internal_metadata".* FROM "ar_internal_metadata" WHERE "ar_internal_metadata"."key" = ? LIMIT ?[0m  [["key", "environment"], ["LIMIT", 1]]
  ↳ bin/rails:9
  [1m[35m (0.1ms)[0m  [1m[36mbegin transaction[0m
  ↳ bin/rails:9
  [1m[35m (0.0ms)[0m  [1m[36mcommit transaction[0m
  ↳ bin/rails:9
  [1m[35m (0.1ms)[0m  [1m[34mSELECT "schema_migrations"."version" FROM "schema_migrations" ORDER BY "schema_migrations"."version" ASC[0m
  ↳ bin/rails:9
Started GET "/" for ::1 at 2022-11-02 18:55:18 -0400
  [1m[35m (0.1ms)[0m  [1m[34mSELECT "schema_migrations"."version" FROM "schema_migrations" ORDER BY "schema_migrations"."version" ASC[0m
  ↳ /Users/jerry/.rbenv/versions/2.6.6/lib/ruby/gems/2.6.0/gems/activerecord-5.2.8.1/lib/active_record/log_subscriber.rb:98
Processing by HomeController#index as HTML
  Rendering home/index.html.erb within layouts/application
  Rendered home/index.html.erb within layouts/application (0.7ms)
Completed 500 Internal Server Error in 714ms (ActiveRecord: 0.0ms)


  
ActionView::Template::Error (no implicit conversion of nil into String):
     8:     <%= stylesheet_link_tag    'application', media: 'all', 'data-turbolinks-track': 'reload' %>
     9:     <%= javascript_include_tag 'application', 'data-turbolinks-track': 'reload' %>
    10:   
    11:     <%= javascript_include_tag 'https://maps.googleapis.com/maps/api/js?key='+Rails.application.credentials.google_maps_api_key %>
    12:     <%= javascript_include_tag 'application', 'data-turbolinks-track': 'reload' %>
    13:     <%= yield(:head_tags) %>
    14:   </head>
  
app/views/layouts/application.html.erb:11:in `+'
app/views/layouts/application.html.erb:11:in `_app_views_layouts_application_html_erb___3208195242531769744_70088058815740'
Started GET "/spots" for ::1 at 2022-11-02 18:55:41 -0400
Processing by SpotsController#index as HTML
  [1m[36mSpot Load (0.4ms)[0m  [1m[34mSELECT "spots".* FROM "spots"[0m
  ↳ app/controllers/spots_controller.rb:8
  Rendering spots/index.html.erb within layouts/application
  Rendered spots/index.html.erb within layouts/application (1.2ms)
Completed 500 Internal Server Error in 38ms (ActiveRecord: 0.7ms)


  
ActionView::Template::Error (no implicit conversion of nil into String):
     8:     <%= stylesheet_link_tag    'application', media: 'all', 'data-turbolinks-track': 'reload' %>
     9:     <%= javascript_include_tag 'application', 'data-turbolinks-track': 'reload' %>
    10:   
    11:     <%= javascript_include_tag 'https://maps.googleapis.com/maps/api/js?key='+Rails.application.credentials.google_maps_api_key %>
    12:     <%= javascript_include_tag 'application', 'data-turbolinks-track': 'reload' %>
    13:     <%= yield(:head_tags) %>
    14:   </head>
  
app/views/layouts/application.html.erb:11:in `+'
app/views/layouts/application.html.erb:11:in `_app_views_layouts_application_html_erb___3208195242531769744_70088152034060'
Started GET "/spots" for ::1 at 2022-11-02 18:56:54 -0400
Processing by SpotsController#index as HTML
  [1m[36mSpot Load (0.1ms)[0m  [1m[34mSELECT "spots".* FROM "spots"[0m
  ↳ app/controllers/spots_controller.rb:8
  Rendering spots/index.html.erb within layouts/application
  Rendered spots/index.html.erb within layouts/application (0.7ms)
Completed 500 Internal Server Error in 19ms (ActiveRecord: 0.1ms)


  
ActionView::Template::Error (no implicit conversion of nil into String):
     8:     <%= stylesheet_link_tag    'application', media: 'all', 'data-turbolinks-track': 'reload' %>
     9:     <%= javascript_include_tag 'application', 'data-turbolinks-track': 'reload' %>
    10:   
    11:     <%= javascript_include_tag 'https://maps.googleapis.com/maps/api/js?key='+Rails.application.credentials.google_maps_api_key %>
    12:     <%= javascript_include_tag 'application', 'data-turbolinks-track': 'reload' %>
    13:     <%= yield(:head_tags) %>
    14:   </head>
  
app/views/layouts/application.html.erb:11:in `+'
app/views/layouts/application.html.erb:11:in `_app_views_layouts_application_html_erb___3208195242531769744_70088153673180'
Started GET "/" for 127.0.0.1 at 2022-11-02 19:05:14 -0400
  [1m[35m (1.9ms)[0m  [1m[34mSELECT "schema_migrations"."version" FROM "schema_migrations" ORDER BY "schema_migrations"."version" ASC[0m
  ↳ /Users/jerry/.rbenv/versions/2.6.6/lib/ruby/gems/2.6.0/gems/activerecord-5.2.8.1/lib/active_record/log_subscriber.rb:98
Processing by HomeController#index as HTML
  Rendering home/index.html.erb within layouts/application
  Rendered home/index.html.erb within layouts/application (0.8ms)
Completed 500 Internal Server Error in 278ms (ActiveRecord: 0.0ms)


  
ActionView::Template::Error (no implicit conversion of nil into String):
     8:     <%= stylesheet_link_tag    'application', media: 'all', 'data-turbolinks-track': 'reload' %>
     9:     <%= javascript_include_tag 'application', 'data-turbolinks-track': 'reload' %>
    10:   
    11:     <%= javascript_include_tag 'https://maps.googleapis.com/maps/api/js?key='+Rails.application.credentials.google_maps_api_key %>
    12:     <%= javascript_include_tag 'application', 'data-turbolinks-track': 'reload' %>
    13:     <%= yield(:head_tags) %>
    14:   </head>
  
app/views/layouts/application.html.erb:11:in `+'
app/views/layouts/application.html.erb:11:in `_app_views_layouts_application_html_erb___445254022590705557_70120906400940'
Started GET "/spots" for ::1 at 2022-11-02 19:11:47 -0400
  [1m[35m (0.5ms)[0m  [1m[34mSELECT "schema_migrations"."version" FROM "schema_migrations" ORDER BY "schema_migrations"."version" ASC[0m
  ↳ /Users/jerry/.rbenv/versions/2.6.6/lib/ruby/gems/2.6.0/gems/activerecord-5.2.8.1/lib/active_record/log_subscriber.rb:98
Processing by SpotsController#index as HTML
  [1m[36mSpot Load (0.5ms)[0m  [1m[34mSELECT "spots".* FROM "spots"[0m
  ↳ app/controllers/spots_controller.rb:8
  Rendering spots/index.html.erb within layouts/application
  Rendered spots/index.html.erb within layouts/application (2.7ms)
Completed 200 OK in 250ms (Views: 235.3ms | ActiveRecord: 0.7ms)


Started GET "/users/sign_in" for ::1 at 2022-11-02 19:11:50 -0400
Processing by Devise::SessionsController#new as HTML
  Rendering devise/sessions/new.html.erb within layouts/application
  Rendered devise/shared/_links.html.erb (1.2ms)
  Rendered devise/sessions/new.html.erb within layouts/application (45.0ms)
Completed 200 OK in 119ms (Views: 102.1ms | ActiveRecord: 1.3ms)


Started GET "/" for ::1 at 2022-11-02 19:11:53 -0400
Processing by HomeController#index as HTML
  Rendering home/index.html.erb within layouts/application
  Rendered home/index.html.erb within layouts/application (0.4ms)
Completed 200 OK in 64ms (Views: 63.2ms | ActiveRecord: 0.0ms)


Started GET "/" for 127.0.0.1 at 2022-11-02 19:31:19 -0400
  [1m[35m (0.8ms)[0m  [1m[34mSELECT "schema_migrations"."version" FROM "schema_migrations" ORDER BY "schema_migrations"."version" ASC[0m
  ↳ /Users/jerry/.rbenv/versions/2.6.6/lib/ruby/gems/2.6.0/gems/activerecord-5.2.8.1/lib/active_record/log_subscriber.rb:98
Processing by HomeController#index as HTML
  Rendering home/index.html.erb within layouts/application
  Rendered home/index.html.erb within layouts/application (1.0ms)
Completed 200 OK in 377ms (Views: 375.7ms | ActiveRecord: 0.0ms)


Started GET "/users/sign_in" for 127.0.0.1 at 2022-11-02 19:31:21 -0400
Processing by Devise::SessionsController#new as HTML
  Rendering devise/sessions/new.html.erb within layouts/application
  Rendered devise/shared/_links.html.erb (1.4ms)
  Rendered devise/sessions/new.html.erb within layouts/application (19.4ms)
Completed 200 OK in 60ms (Views: 42.7ms | ActiveRecord: 1.6ms)


Started POST "/users/sign_in" for 127.0.0.1 at 2022-11-02 19:31:31 -0400
Processing by Devise::SessionsController#create as HTML
  Parameters: {"utf8"=>"✓", "authenticity_token"=>"cAaXcNgD5p6f3mzDyywAsBxlBGlRIqau6cJwGmgpnFO7CGrdfn8eeHYRnlcaltJT0mAHcn/UPkCaP2JMAgrxPA==", "user"=>{"email"=>"admin@admin", "password"=>"[FILTERED]", "remember_me"=>"0"}, "commit"=>"Log in"}
  [1m[36mUser Load (0.6ms)[0m  [1m[34mSELECT  "users".* FROM "users" WHERE "users"."email" = ? ORDER BY "users"."id" ASC LIMIT ?[0m  [["email", "admin@admin"], ["LIMIT", 1]]
  ↳ /Users/jerry/.rbenv/versions/2.6.6/lib/ruby/gems/2.6.0/gems/activerecord-5.2.8.1/lib/active_record/log_subscriber.rb:98
Completed 401 Unauthorized in 5ms (ActiveRecord: 0.6ms)


Processing by Devise::SessionsController#new as HTML
  Parameters: {"utf8"=>"✓", "authenticity_token"=>"cAaXcNgD5p6f3mzDyywAsBxlBGlRIqau6cJwGmgpnFO7CGrdfn8eeHYRnlcaltJT0mAHcn/UPkCaP2JMAgrxPA==", "user"=>{"email"=>"admin@admin", "password"=>"[FILTERED]", "remember_me"=>"0"}, "commit"=>"Log in"}
  Rendering devise/sessions/new.html.erb within layouts/application
  Rendered devise/shared/_links.html.erb (0.6ms)
  Rendered devise/sessions/new.html.erb within layouts/application (2.5ms)
Completed 200 OK in 540ms (Views: 24.1ms | ActiveRecord: 0.0ms)


Started GET "/users/sign_up" for 127.0.0.1 at 2022-11-02 19:31:39 -0400
Processing by Devise::RegistrationsController#new as HTML
  Rendering devise/registrations/new.html.erb within layouts/application
  Rendered devise/shared/_error_messages.html.erb (1.0ms)
  Rendered devise/shared/_links.html.erb (1.6ms)
  Rendered devise/registrations/new.html.erb within layouts/application (15.2ms)
Completed 200 OK in 69ms (Views: 67.8ms | ActiveRecord: 0.0ms)


Started POST "/users" for 127.0.0.1 at 2022-11-02 19:31:48 -0400
Processing by Devise::RegistrationsController#create as HTML
  Parameters: {"utf8"=>"✓", "authenticity_token"=>"Pjrn4NsH0c18jrP1daEQnU4AQ7Pko7PLXZgo2b4JXPANNqclz7mVIPeSfcBCfTFn6f1mkD/dKeMGdwI4mwXn0w==", "user"=>{"email"=>"admin@admin", "password"=>"[FILTERED]", "password_confirmation"=>"[FILTERED]"}, "commit"=>"Sign up"}
  [1m[35m (0.1ms)[0m  [1m[36mbegin transaction[0m
  ↳ /Users/jerry/.rbenv/versions/2.6.6/lib/ruby/gems/2.6.0/gems/activerecord-5.2.8.1/lib/active_record/log_subscriber.rb:98
  [1m[36mUser Exists (6.9ms)[0m  [1m[34mSELECT  1 AS one FROM "users" WHERE "users"."email" = ? LIMIT ?[0m  [["email", "admin@admin"], ["LIMIT", 1]]
  ↳ /Users/jerry/.rbenv/versions/2.6.6/lib/ruby/gems/2.6.0/gems/activerecord-5.2.8.1/lib/active_record/log_subscriber.rb:98
  [1m[36mUser Create (3.1ms)[0m  [1m[32mINSERT INTO "users" ("email", "encrypted_password", "created_at", "updated_at") VALUES (?, ?, ?, ?)[0m  [["email", "admin@admin"], ["encrypted_password", "$2a$12$Q5rq2UV1SNS7ZTjgawMeXOaIzjbR5oAITmYCzRGFb9lLl7qFKGX3S"], ["created_at", "2022-11-02 23:31:49.095806"], ["updated_at", "2022-11-02 23:31:49.095806"]]
  ↳ /Users/jerry/.rbenv/versions/2.6.6/lib/ruby/gems/2.6.0/gems/activerecord-5.2.8.1/lib/active_record/log_subscriber.rb:98
  [1m[35m (1.4ms)[0m  [1m[36mcommit transaction[0m
  ↳ /Users/jerry/.rbenv/versions/2.6.6/lib/ruby/gems/2.6.0/gems/activerecord-5.2.8.1/lib/active_record/log_subscriber.rb:98
Redirected to http://0.0.0.0:3000/
Completed 302 Found in 251ms (ActiveRecord: 11.4ms)


Started GET "/" for 127.0.0.1 at 2022-11-02 19:31:49 -0400
  [1m[36mUser Load (0.2ms)[0m  [1m[34mSELECT  "users".* FROM "users" WHERE "users"."id" = ? ORDER BY "users"."id" ASC LIMIT ?[0m  [["id", 1], ["LIMIT", 1]]
  ↳ /Users/jerry/.rbenv/versions/2.6.6/lib/ruby/gems/2.6.0/gems/activerecord-5.2.8.1/lib/active_record/log_subscriber.rb:98
Processing by SpotsController#index as HTML
  [1m[36mSpot Load (0.4ms)[0m  [1m[34mSELECT "spots".* FROM "spots"[0m
  ↳ app/controllers/spots_controller.rb:8
  Rendering spots/index.html.erb within layouts/application
  Rendered spots/index.html.erb within layouts/application (0.6ms)
Completed 200 OK in 21ms (Views: 16.3ms | ActiveRecord: 0.7ms)


